2016-05-26 09:43:49
Full thread dump Java HotSpot(TM) 64-Bit Server VM (24.79-b02 mixed mode):

"Attach Listener" daemon prio=5 tid=0x00007fcf68b12800 nid=0x1d0b waiting on condition [0x0000000000000000]
   java.lang.Thread.State: RUNNABLE

   Locked ownable synchronizers:
	- None

"processor-8" prio=5 tid=0x00007fcf6999f800 nid=0x5903 runnable [0x000070000175b000]
   java.lang.Thread.State: RUNNABLE
	at com.lmax.disruptor.BlockingWaitStrategy.waitFor(BlockingWaitStrategy.java:56)
	at com.lmax.disruptor.ProcessingSequenceBarrier.waitFor(ProcessingSequenceBarrier.java:55)
	at com.lmax.disruptor.BatchEventProcessor.run(BatchEventProcessor.java:123)
	at java.util.concurrent.ThreadPoolExecutor.runWorker(ThreadPoolExecutor.java:1145)
	at java.util.concurrent.ThreadPoolExecutor$Worker.run(ThreadPoolExecutor.java:615)
	at java.lang.Thread.run(Thread.java:745)

   Locked ownable synchronizers:
	- <0x0000000700225460> (a java.util.concurrent.ThreadPoolExecutor$Worker)

"processor-7" prio=5 tid=0x00007fcf6a1de800 nid=0x5703 runnable [0x0000700001658000]
   java.lang.Thread.State: RUNNABLE
	at com.lmax.disruptor.BlockingWaitStrategy.waitFor(BlockingWaitStrategy.java:56)
	at com.lmax.disruptor.ProcessingSequenceBarrier.waitFor(ProcessingSequenceBarrier.java:55)
	at com.lmax.disruptor.BatchEventProcessor.run(BatchEventProcessor.java:123)
	at java.util.concurrent.ThreadPoolExecutor.runWorker(ThreadPoolExecutor.java:1145)
	at java.util.concurrent.ThreadPoolExecutor$Worker.run(ThreadPoolExecutor.java:615)
	at java.lang.Thread.run(Thread.java:745)

   Locked ownable synchronizers:
	- <0x00000007002385a8> (a java.util.concurrent.ThreadPoolExecutor$Worker)

"processor-6" prio=5 tid=0x00007fcf6a0f2800 nid=0x5503 runnable [0x0000700001555000]
   java.lang.Thread.State: RUNNABLE
	at com.lmax.disruptor.BlockingWaitStrategy.waitFor(BlockingWaitStrategy.java:56)
	at com.lmax.disruptor.ProcessingSequenceBarrier.waitFor(ProcessingSequenceBarrier.java:55)
	at com.lmax.disruptor.BatchEventProcessor.run(BatchEventProcessor.java:123)
	at java.util.concurrent.ThreadPoolExecutor.runWorker(ThreadPoolExecutor.java:1145)
	at java.util.concurrent.ThreadPoolExecutor$Worker.run(ThreadPoolExecutor.java:615)
	at java.lang.Thread.run(Thread.java:745)

   Locked ownable synchronizers:
	- <0x0000000700238990> (a java.util.concurrent.ThreadPoolExecutor$Worker)

"processor-5" prio=5 tid=0x00007fcf689f1800 nid=0x5303 runnable [0x0000700001452000]
   java.lang.Thread.State: RUNNABLE
	at com.lmax.disruptor.BlockingWaitStrategy.waitFor(BlockingWaitStrategy.java:56)
	at com.lmax.disruptor.ProcessingSequenceBarrier.waitFor(ProcessingSequenceBarrier.java:55)
	at com.lmax.disruptor.BatchEventProcessor.run(BatchEventProcessor.java:123)
	at java.util.concurrent.ThreadPoolExecutor.runWorker(ThreadPoolExecutor.java:1145)
	at java.util.concurrent.ThreadPoolExecutor$Worker.run(ThreadPoolExecutor.java:615)
	at java.lang.Thread.run(Thread.java:745)

   Locked ownable synchronizers:
	- <0x0000000700238368> (a java.util.concurrent.ThreadPoolExecutor$Worker)

"processor-4" prio=5 tid=0x00007fcf69979000 nid=0x5103 runnable [0x000070000134f000]
   java.lang.Thread.State: RUNNABLE
	at com.lmax.disruptor.BlockingWaitStrategy.waitFor(BlockingWaitStrategy.java:56)
	at com.lmax.disruptor.ProcessingSequenceBarrier.waitFor(ProcessingSequenceBarrier.java:55)
	at com.lmax.disruptor.BatchEventProcessor.run(BatchEventProcessor.java:123)
	at java.util.concurrent.ThreadPoolExecutor.runWorker(ThreadPoolExecutor.java:1145)
	at java.util.concurrent.ThreadPoolExecutor$Worker.run(ThreadPoolExecutor.java:615)
	at java.lang.Thread.run(Thread.java:745)

   Locked ownable synchronizers:
	- <0x0000000700238d78> (a java.util.concurrent.ThreadPoolExecutor$Worker)

"processor-3" prio=5 tid=0x00007fcf6a0bd000 nid=0x4f03 runnable [0x000070000124c000]
   java.lang.Thread.State: RUNNABLE
	at com.lmax.disruptor.BlockingWaitStrategy.waitFor(BlockingWaitStrategy.java:56)
	at com.lmax.disruptor.ProcessingSequenceBarrier.waitFor(ProcessingSequenceBarrier.java:55)
	at com.lmax.disruptor.BatchEventProcessor.run(BatchEventProcessor.java:123)
	at java.util.concurrent.ThreadPoolExecutor.runWorker(ThreadPoolExecutor.java:1145)
	at java.util.concurrent.ThreadPoolExecutor$Worker.run(ThreadPoolExecutor.java:615)
	at java.lang.Thread.run(Thread.java:745)

   Locked ownable synchronizers:
	- <0x0000000700232110> (a java.util.concurrent.ThreadPoolExecutor$Worker)

"processor-2" prio=5 tid=0x00007fcf69978000 nid=0x4d03 runnable [0x0000700001149000]
   java.lang.Thread.State: RUNNABLE
	at java.net.SocketInputStream.socketRead0(Native Method)
	at java.net.SocketInputStream.read(SocketInputStream.java:152)
	at java.net.SocketInputStream.read(SocketInputStream.java:122)
	at org.apache.http.impl.io.SessionInputBufferImpl.streamRead(SessionInputBufferImpl.java:136)
	at org.apache.http.impl.io.SessionInputBufferImpl.fillBuffer(SessionInputBufferImpl.java:152)
	at org.apache.http.impl.io.SessionInputBufferImpl.read(SessionInputBufferImpl.java:203)
	at org.apache.http.impl.io.ContentLengthInputStream.read(ContentLengthInputStream.java:178)
	at org.apache.http.conn.EofSensorInputStream.read(EofSensorInputStream.java:137)
	at java.util.zip.InflaterInputStream.fill(InflaterInputStream.java:238)
	at java.util.zip.InflaterInputStream.read(InflaterInputStream.java:158)
	at java.util.zip.GZIPInputStream.read(GZIPInputStream.java:116)
	at org.apache.http.client.entity.LazyDecompressingInputStream.read(LazyDecompressingInputStream.java:74)
	at sun.nio.cs.StreamDecoder.readBytes(StreamDecoder.java:283)
	at sun.nio.cs.StreamDecoder.implRead(StreamDecoder.java:325)
	at sun.nio.cs.StreamDecoder.read(StreamDecoder.java:177)
	- locked <0x00000007ab51c8d8> (a java.io.InputStreamReader)
	at java.io.InputStreamReader.read(InputStreamReader.java:184)
	at java.io.BufferedReader.read1(BufferedReader.java:203)
	at java.io.BufferedReader.read(BufferedReader.java:279)
	- locked <0x00000007ab51c8d8> (a java.io.InputStreamReader)
	at java.io.Reader.read(Reader.java:140)
	at scala.io.BufferedSource.mkString(BufferedSource.scala:96)
	at shakey.internal.RestClient$.get(RestClient.scala:67)
	at shakey.internal.StockSymbolFetcher$.fetchStockDayVolume(StockSymbolFetcher.scala:115)
	at shakey.server.internal.StockAnalyzerApp$FetchStockDayDataWorker.onEvent(StockAnalyzerApp.scala:142)
	at shakey.server.internal.StockAnalyzerApp$FetchStockDayDataWorker.onEvent(StockAnalyzerApp.scala:128)
	at com.lmax.disruptor.WorkProcessor.run(WorkProcessor.java:138)
	at java.util.concurrent.ThreadPoolExecutor.runWorker(ThreadPoolExecutor.java:1145)
	at java.util.concurrent.ThreadPoolExecutor$Worker.run(ThreadPoolExecutor.java:615)
	at java.lang.Thread.run(Thread.java:745)

   Locked ownable synchronizers:
	- <0x0000000700238fb8> (a java.util.concurrent.ThreadPoolExecutor$Worker)

"processor-1" prio=5 tid=0x00007fcf69977800 nid=0x4b03 runnable [0x0000700001046000]
   java.lang.Thread.State: RUNNABLE
	at java.net.SocketInputStream.socketRead0(Native Method)
	at java.net.SocketInputStream.read(SocketInputStream.java:152)
	at java.net.SocketInputStream.read(SocketInputStream.java:122)
	at org.apache.http.impl.io.SessionInputBufferImpl.streamRead(SessionInputBufferImpl.java:136)
	at org.apache.http.impl.io.SessionInputBufferImpl.fillBuffer(SessionInputBufferImpl.java:152)
	at org.apache.http.impl.io.SessionInputBufferImpl.read(SessionInputBufferImpl.java:203)
	at org.apache.http.impl.io.ChunkedInputStream.read(ChunkedInputStream.java:174)
	at org.apache.http.conn.EofSensorInputStream.read(EofSensorInputStream.java:137)
	at java.util.zip.InflaterInputStream.fill(InflaterInputStream.java:238)
	at java.util.zip.InflaterInputStream.read(InflaterInputStream.java:158)
	at java.util.zip.GZIPInputStream.read(GZIPInputStream.java:116)
	at org.apache.http.client.entity.LazyDecompressingInputStream.read(LazyDecompressingInputStream.java:74)
	at sun.nio.cs.StreamDecoder.readBytes(StreamDecoder.java:283)
	at sun.nio.cs.StreamDecoder.implRead(StreamDecoder.java:325)
	at sun.nio.cs.StreamDecoder.read(StreamDecoder.java:177)
	- locked <0x00000007ab848228> (a java.io.InputStreamReader)
	at java.io.InputStreamReader.read(InputStreamReader.java:184)
	at java.io.BufferedReader.read1(BufferedReader.java:203)
	at java.io.BufferedReader.read(BufferedReader.java:279)
	- locked <0x00000007ab848228> (a java.io.InputStreamReader)
	at java.io.Reader.read(Reader.java:140)
	at scala.io.BufferedSource.mkString(BufferedSource.scala:96)
	at shakey.internal.RestClient$.get(RestClient.scala:67)
	at shakey.internal.StockSymbolFetcher$.fetchStockDayVolume(StockSymbolFetcher.scala:115)
	at shakey.server.internal.StockAnalyzerApp$FetchStockDayDataWorker.onEvent(StockAnalyzerApp.scala:142)
	at shakey.server.internal.StockAnalyzerApp$FetchStockDayDataWorker.onEvent(StockAnalyzerApp.scala:128)
	at com.lmax.disruptor.WorkProcessor.run(WorkProcessor.java:138)
	at java.util.concurrent.ThreadPoolExecutor.runWorker(ThreadPoolExecutor.java:1145)
	at java.util.concurrent.ThreadPoolExecutor$Worker.run(ThreadPoolExecutor.java:615)
	at java.lang.Thread.run(Thread.java:745)

   Locked ownable synchronizers:
	- <0x00000007002256d0> (a java.util.concurrent.ThreadPoolExecutor$Worker)

"Service Thread" daemon prio=5 tid=0x00007fcf69819000 nid=0x4703 runnable [0x0000000000000000]
   java.lang.Thread.State: RUNNABLE

   Locked ownable synchronizers:
	- None

"C2 CompilerThread1" daemon prio=5 tid=0x00007fcf69048800 nid=0x4503 waiting on condition [0x0000000000000000]
   java.lang.Thread.State: RUNNABLE

   Locked ownable synchronizers:
	- None

"C2 CompilerThread0" daemon prio=5 tid=0x00007fcf69047000 nid=0x4303 waiting on condition [0x0000000000000000]
   java.lang.Thread.State: RUNNABLE

   Locked ownable synchronizers:
	- None

"Signal Dispatcher" daemon prio=5 tid=0x00007fcf6903d000 nid=0x360f runnable [0x0000000000000000]
   java.lang.Thread.State: RUNNABLE

   Locked ownable synchronizers:
	- None

"Finalizer" daemon prio=5 tid=0x00007fcf6a00e000 nid=0x2e03 in Object.wait() [0x000070000092e000]
   java.lang.Thread.State: WAITING (on object monitor)
	at java.lang.Object.wait(Native Method)
	- waiting on <0x00000007002bb910> (a java.lang.ref.ReferenceQueue$Lock)
	at java.lang.ref.ReferenceQueue.remove(ReferenceQueue.java:135)
	- locked <0x00000007002bb910> (a java.lang.ref.ReferenceQueue$Lock)
	at java.lang.ref.ReferenceQueue.remove(ReferenceQueue.java:151)
	at java.lang.ref.Finalizer$FinalizerThread.run(Finalizer.java:209)

   Locked ownable synchronizers:
	- None

"Reference Handler" daemon prio=5 tid=0x00007fcf6a00d000 nid=0x2c03 in Object.wait() [0x000070000082b000]
   java.lang.Thread.State: WAITING (on object monitor)
	at java.lang.Object.wait(Native Method)
	- waiting on <0x00000007002bb950> (a java.lang.ref.Reference$Lock)
	at java.lang.Object.wait(Object.java:503)
	at java.lang.ref.Reference$ReferenceHandler.run(Reference.java:133)
	- locked <0x00000007002bb950> (a java.lang.ref.Reference$Lock)

   Locked ownable synchronizers:
	- None

"main" prio=5 tid=0x00007fcf6880b800 nid=0x1003 runnable [0x0000700000183000]
   java.lang.Thread.State: TIMED_WAITING (parking)
	at sun.misc.Unsafe.park(Native Method)
	at java.util.concurrent.locks.LockSupport.parkNanos(LockSupport.java:349)
	at com.lmax.disruptor.MultiProducerSequencer.next(MultiProducerSequencer.java:133)
	at com.lmax.disruptor.MultiProducerSequencer.next(MultiProducerSequencer.java:102)
	at com.lmax.disruptor.RingBuffer.publishEvent(RingBuffer.java:391)
	at com.lmax.disruptor.dsl.Disruptor.publishEvent(Disruptor.java:219)
	at shakey.server.internal.StockAnalyzerApp$$anonfun$start$1.apply(StockAnalyzerApp.scala:87)
	at shakey.server.internal.StockAnalyzerApp$$anonfun$start$1.apply(StockAnalyzerApp.scala:84)
	at scala.collection.Iterator$class.foreach(Iterator.scala:743)
	at scala.collection.AbstractIterator.foreach(Iterator.scala:1195)
	at shakey.server.internal.StockAnalyzerApp.start(StockAnalyzerApp.scala:84)
	at shakey.server.internal.StockAnalyzerApp$.main(StockAnalyzerApp.scala:42)
	at shakey.server.internal.StockAnalyzerApp.main(StockAnalyzerApp.scala)

   Locked ownable synchronizers:
	- None

"VM Thread" prio=5 tid=0x00007fcf6a00a800 nid=0x2a03 runnable 

"GC task thread#0 (ParallelGC)" prio=5 tid=0x00007fcf68818800 nid=0x2203 runnable 

"GC task thread#1 (ParallelGC)" prio=5 tid=0x00007fcf68819800 nid=0x2403 runnable 

"GC task thread#2 (ParallelGC)" prio=5 tid=0x00007fcf6881a000 nid=0x2603 runnable 

"GC task thread#3 (ParallelGC)" prio=5 tid=0x00007fcf6881a800 nid=0x2803 runnable 

"VM Periodic Task Thread" prio=5 tid=0x00007fcf6981a000 nid=0x4903 waiting on condition 

JNI global references: 222

